$ react-scripts build
Creating an optimized production build...
Compiled with warnings.

Failed to parse source map from '/Users/thomasvanslooten/Projects/monorepo/apps/interface/node_modules/dag-jose/src/encryption.ts' file: Error: ENOENT: no such file or directory, open '/Users/thomasvanslooten/Projects/monorepo/apps/interface/node_modules/dag-jose/src/encryption.ts'

Failed to parse source map from '/Users/thomasvanslooten/Projects/monorepo/apps/interface/node_modules/dag-jose/src/index.ts' file: Error: ENOENT: no such file or directory, open '/Users/thomasvanslooten/Projects/monorepo/apps/interface/node_modules/dag-jose/src/index.ts'

Failed to parse source map from '/Users/thomasvanslooten/Projects/monorepo/apps/interface/node_modules/dag-jose/src/signing.ts' file: Error: ENOENT: no such file or directory, open '/Users/thomasvanslooten/Projects/monorepo/apps/interface/node_modules/dag-jose/src/signing.ts'

Failed to parse source map from '/Users/thomasvanslooten/Projects/monorepo/apps/interface/node_modules/dag-jose/src/utils.ts' file: Error: ENOENT: no such file or directory, open '/Users/thomasvanslooten/Projects/monorepo/apps/interface/node_modules/dag-jose/src/utils.ts'

Failed to parse source map from '/Users/thomasvanslooten/Projects/monorepo/node_modules/@chainsafe/is-ip/src/is-ip.ts' file: Error: ENOENT: no such file or directory, open '/Users/thomasvanslooten/Projects/monorepo/node_modules/@chainsafe/is-ip/src/is-ip.ts'

Failed to parse source map from '/Users/thomasvanslooten/Projects/monorepo/node_modules/@chainsafe/is-ip/src/parse.ts' file: Error: ENOENT: no such file or directory, open '/Users/thomasvanslooten/Projects/monorepo/node_modules/@chainsafe/is-ip/src/parse.ts'

Failed to parse source map from '/Users/thomasvanslooten/Projects/monorepo/node_modules/@chainsafe/is-ip/src/parser.ts' file: Error: ENOENT: no such file or directory, open '/Users/thomasvanslooten/Projects/monorepo/node_modules/@chainsafe/is-ip/src/parser.ts'

[eslint] 
src/components/molecules/DappCard.tsx
  Line 9:27:  'isOwned' is defined but never used. Allowed unused args must match /^_/u  no-unused-vars
  Line 11:9:  'navigate' is assigned a value but never used                              no-unused-vars
  Line 11:9:  'navigate' is assigned a value but never used                              @typescript-eslint/no-unused-vars

src/components/molecules/InstallForm.tsx
  Line 30:35:  'uininstall_state' is assigned a value but never used  no-unused-vars
  Line 30:35:  'uininstall_state' is assigned a value but never used  @typescript-eslint/no-unused-vars

src/components/molecules/MenuTree.tsx
  Line 6:13:  'item' is defined but never used. Allowed unused args must match /^_/u  no-unused-vars

src/components/organisms/DappCards.tsx
  Line 1:10:  'Key' is defined but never used  no-unused-vars
  Line 1:10:  'Key' is defined but never used  @typescript-eslint/no-unused-vars

src/components/organisms/ReadMe.tsx
  Line 20:22:  'node' is defined but never used. Allowed unused args must match /^_/u       no-unused-vars
  Line 34:21:  'node' is defined but never used. Allowed unused args must match /^_/u       no-unused-vars
  Line 34:27:  'className' is defined but never used. Allowed unused args must match /^_/u  no-unused-vars
  Line 34:38:  'children' is defined but never used. Allowed unused args must match /^_/u   no-unused-vars

src/components/organisms/SwitchChains.tsx
  Line 38:9:  'isMobile' is assigned a value but never used  no-unused-vars
  Line 38:9:  'isMobile' is assigned a value but never used  @typescript-eslint/no-unused-vars

src/components/providers/Notifications.tsx
  Line 44:6:  React Hook useEffect has a missing dependency: 'notificationSwitch'. Either include it or remove the dependency array  react-hooks/exhaustive-deps

src/components/templates/Dapplets.tsx
  Line 32:42:  Array.prototype.filter() expects a value to be returned at the end of arrow function  array-callback-return

src/components/templates/Dapps.tsx
  Line 14:11:  'account' is assigned a value but never used  no-unused-vars
  Line 14:11:  'account' is assigned a value but never used  @typescript-eslint/no-unused-vars

src/components/templates/Develop.tsx
  Line 1:18:  'SlDivider' is defined but never used   no-unused-vars
  Line 1:18:  'SlDivider' is defined but never used   @typescript-eslint/no-unused-vars
  Line 2:8:   'MyDapplets' is defined but never used  no-unused-vars
  Line 2:8:   'MyDapplets' is defined but never used  @typescript-eslint/no-unused-vars

src/contracts/hooks/Installer.ts
  Line 2:17:  'Params' is defined but never used   no-unused-vars
  Line 2:17:  'Params' is defined but never used   @typescript-eslint/no-unused-vars
  Line 2:71:  'useCall' is defined but never used  no-unused-vars
  Line 2:71:  'useCall' is defined but never used  @typescript-eslint/no-unused-vars

src/lib/hooks/index.tsx
  Line 72:22:  'state' is defined but never used. Allowed unused args must match /^_/u                                               no-unused-vars
  Line 103:6:  React Hook useCallback has a missing dependency: 'additionalCheck'. Either include it or remove the dependency array  react-hooks/exhaustive-deps

src/lib/stores/client.ts
  Line 8:12:  'client' is defined but never used. Allowed unused args must match /^_/u  no-unused-vars

src/lib/stores/ipfs.ts
  Line 67:6:   React Hook useEffect has a missing dependency: 'ipfs'. Either include it or remove the dependency array  react-hooks/exhaustive-deps
  Line 78:42:  'cid' is defined but never used. Allowed unused args must match /^_/u                                    no-unused-vars

Search for the keywords to learn more about each warning.
To ignore, add // eslint-disable-next-line to the line before.

File sizes after gzip:

  523.73 kB  build/static/js/main.28b31092.js
  9.18 kB    build/static/css/main.bc98dd9d.css
  1.79 kB    build/static/js/269.bbc05db7.chunk.js

The project was built assuming it is hosted at /.
You can control this with the homepage field in your package.json.

The build folder is ready to be deployed.
You may serve it with a static server:

  npm install -g serve
  serve -s build

Find out more about deployment here:

  https://cra.link/deployment

